<?xml version="1.0" encoding="UTF-8"?>
<!-- Generated by org.testng.reporters.JUnitXMLReporter -->
<testsuite ignored="0" hostname="DESKTOP-UKFMVAS" failures="0" tests="7" name="Default test" time="6.583" errors="0" timestamp="2025-09-02T01:43:52 GMT-07:00">
  <testcase classname="test_scripts.SampleTest" name="createProject" time="3.03"/>
  <testcase classname="test_scripts.SampleTest" name="createProject" time="0.148"/>
  <testcase classname="test_scripts.SampleTest" name="createProject" time="0.343"/>
  <testcase classname="test_scripts.SampleTest" name="createProject" time="0.153"/>
  <testcase classname="test_scripts.SampleTest" name="createProject" time="0.148"/>
  <testcase classname="test_scripts.SampleTest" name="createProject" time="0.146"/>
  <testcase classname="test_scripts.SampleTest" name="createProject" time="0.17"/>
</testsuite> <!-- Default test -->
