<?xml version="1.0" encoding="UTF-8"?>
<testng-results ignored="0" total="7" passed="7" failed="0" skipped="0">
  <reporter-output>
  </reporter-output>
  <suite started-at="2025-09-02T01:43:45 GMT-07:00" name="Default suite" finished-at="2025-09-02T01:43:52 GMT-07:00" duration-ms="6583">
    <groups>
    </groups>
    <test started-at="2025-09-02T01:43:45 GMT-07:00" name="Default test" finished-at="2025-09-02T01:43:52 GMT-07:00" duration-ms="6583">
      <class name="test_scripts.SampleTest">
        <test-method signature="createProject(java.lang.String,java.lang.String,java.lang.String,java.lang.String)[pri:0, instance:test_scripts.SampleTest@31304f14]" started-at="2025-09-02T01:43:47 GMT-07:00" name="createProject" data-provider="getData" finished-at="2025-09-02T01:43:50 GMT-07:00" duration-ms="3030" status="PASS">
          <params>
            <param index="0">
              <value>
                <![CDATA[Project%1]]>
              </value>
            </param>
            <param index="1">
              <value>
                <![CDATA[RahulKumar]]>
              </value>
            </param>
            <param index="2">
              <value>
                <![CDATA[0]]>
              </value>
            </param>
            <param index="3">
              <value>
                <![CDATA[Created]]>
              </value>
            </param>
          </params>
          <reporter-output>
          </reporter-output>
        </test-method> <!-- createProject -->
        <test-method signature="createProject(java.lang.String,java.lang.String,java.lang.String,java.lang.String)[pri:0, instance:test_scripts.SampleTest@31304f14]" started-at="2025-09-02T01:43:50 GMT-07:00" name="createProject" data-provider="getData" finished-at="2025-09-02T01:43:51 GMT-07:00" duration-ms="148" status="PASS">
          <params>
            <param index="0">
              <value>
                <![CDATA[Project%2]]>
              </value>
            </param>
            <param index="1">
              <value>
                <![CDATA[RahulKumar]]>
              </value>
            </param>
            <param index="2">
              <value>
                <![CDATA[0]]>
              </value>
            </param>
            <param index="3">
              <value>
                <![CDATA[Created]]>
              </value>
            </param>
          </params>
          <reporter-output>
          </reporter-output>
        </test-method> <!-- createProject -->
        <test-method signature="createProject(java.lang.String,java.lang.String,java.lang.String,java.lang.String)[pri:0, instance:test_scripts.SampleTest@31304f14]" started-at="2025-09-02T01:43:51 GMT-07:00" name="createProject" data-provider="getData" finished-at="2025-09-02T01:43:51 GMT-07:00" duration-ms="343" status="PASS">
          <params>
            <param index="0">
              <value>
                <![CDATA[Project%3]]>
              </value>
            </param>
            <param index="1">
              <value>
                <![CDATA[RahulKumar]]>
              </value>
            </param>
            <param index="2">
              <value>
                <![CDATA[0]]>
              </value>
            </param>
            <param index="3">
              <value>
                <![CDATA[Created]]>
              </value>
            </param>
          </params>
          <reporter-output>
          </reporter-output>
        </test-method> <!-- createProject -->
        <test-method signature="createProject(java.lang.String,java.lang.String,java.lang.String,java.lang.String)[pri:0, instance:test_scripts.SampleTest@31304f14]" started-at="2025-09-02T01:43:51 GMT-07:00" name="createProject" data-provider="getData" finished-at="2025-09-02T01:43:51 GMT-07:00" duration-ms="153" status="PASS">
          <params>
            <param index="0">
              <value>
                <![CDATA[Project%4]]>
              </value>
            </param>
            <param index="1">
              <value>
                <![CDATA[RahulKumar]]>
              </value>
            </param>
            <param index="2">
              <value>
                <![CDATA[0]]>
              </value>
            </param>
            <param index="3">
              <value>
                <![CDATA[Created]]>
              </value>
            </param>
          </params>
          <reporter-output>
          </reporter-output>
        </test-method> <!-- createProject -->
        <test-method signature="createProject(java.lang.String,java.lang.String,java.lang.String,java.lang.String)[pri:0, instance:test_scripts.SampleTest@31304f14]" started-at="2025-09-02T01:43:51 GMT-07:00" name="createProject" data-provider="getData" finished-at="2025-09-02T01:43:51 GMT-07:00" duration-ms="148" status="PASS">
          <params>
            <param index="0">
              <value>
                <![CDATA[Project%5]]>
              </value>
            </param>
            <param index="1">
              <value>
                <![CDATA[RahulKumar]]>
              </value>
            </param>
            <param index="2">
              <value>
                <![CDATA[0]]>
              </value>
            </param>
            <param index="3">
              <value>
                <![CDATA[Created]]>
              </value>
            </param>
          </params>
          <reporter-output>
          </reporter-output>
        </test-method> <!-- createProject -->
        <test-method signature="createProject(java.lang.String,java.lang.String,java.lang.String,java.lang.String)[pri:0, instance:test_scripts.SampleTest@31304f14]" started-at="2025-09-02T01:43:51 GMT-07:00" name="createProject" data-provider="getData" finished-at="2025-09-02T01:43:51 GMT-07:00" duration-ms="146" status="PASS">
          <params>
            <param index="0">
              <value>
                <![CDATA[Project%6]]>
              </value>
            </param>
            <param index="1">
              <value>
                <![CDATA[RahulKumar]]>
              </value>
            </param>
            <param index="2">
              <value>
                <![CDATA[0]]>
              </value>
            </param>
            <param index="3">
              <value>
                <![CDATA[Created]]>
              </value>
            </param>
          </params>
          <reporter-output>
          </reporter-output>
        </test-method> <!-- createProject -->
        <test-method signature="createProject(java.lang.String,java.lang.String,java.lang.String,java.lang.String)[pri:0, instance:test_scripts.SampleTest@31304f14]" started-at="2025-09-02T01:43:51 GMT-07:00" name="createProject" data-provider="getData" finished-at="2025-09-02T01:43:51 GMT-07:00" duration-ms="170" status="PASS">
          <params>
            <param index="0">
              <value>
                <![CDATA[Project%7]]>
              </value>
            </param>
            <param index="1">
              <value>
                <![CDATA[RahulKumar]]>
              </value>
            </param>
            <param index="2">
              <value>
                <![CDATA[0]]>
              </value>
            </param>
            <param index="3">
              <value>
                <![CDATA[Created]]>
              </value>
            </param>
          </params>
          <reporter-output>
          </reporter-output>
        </test-method> <!-- createProject -->
      </class> <!-- test_scripts.SampleTest -->
    </test> <!-- Default test -->
  </suite> <!-- Default suite -->
</testng-results>
