<?xml version="1.0" encoding="UTF-8"?>
<!-- Generated by org.testng.reporters.JUnitReportReporter -->
<testsuite hostname="DESKTOP-UKFMVAS" failures="0" tests="7" name="test_scripts.SampleTest" time="4.138" errors="0" timestamp="2025-09-02T01:43:52 GMT-07:00" skipped="0">
  <testcase classname="test_scripts.SampleTest" name="createProject" time="0.146"/>
  <system-out/>
  <testcase classname="test_scripts.SampleTest" name="createProject" time="3.030"/>
  <system-out/>
  <testcase classname="test_scripts.SampleTest" name="createProject" time="0.148"/>
  <system-out/>
  <testcase classname="test_scripts.SampleTest" name="createProject" time="0.343"/>
  <system-out/>
  <testcase classname="test_scripts.SampleTest" name="createProject" time="0.170"/>
  <system-out/>
  <testcase classname="test_scripts.SampleTest" name="createProject" time="0.153"/>
  <system-out/>
  <testcase classname="test_scripts.SampleTest" name="createProject" time="0.148"/>
  <system-out/>
</testsuite> <!-- test_scripts.SampleTest -->
